<?xml version="1.0" encoding="UTF-8"?>
<!-- Generated by org.testng.reporters.JUnitXMLReporter -->
<testsuite ignored="0" hostname="DESKTOP-3APH7UC" failures="0" tests="2" name="Error Validations Test" time="27.744" errors="0" timestamp="2024-01-29T10:37:57 IST">
  <testcase classname="Hariprasad.tests.ErrorValidationsTest" name="LoginErrorValidation" time="1.317"/>
  <testcase classname="Hariprasad.tests.ErrorValidationsTest" name="ProductErrorValidation" time="15.074"/>
</testsuite> <!-- Error Validations Test -->
