<?xml version="1.0" encoding="UTF-8"?>
<!-- Generated by org.testng.reporters.JUnitXMLReporter -->
<testsuite ignored="0" hostname="DESKTOP-3APH7UC" failures="0" tests="3" name="Submit Order Test" time="46.133" errors="0" timestamp="2024-01-29T10:38:15 IST">
  <testcase classname="Hariprasad.tests.SubmitOrderTest" name="submitOrder" time="13.853"/>
  <testcase classname="Hariprasad.tests.SubmitOrderTest" name="submitOrder" time="12.568"/>
  <testcase classname="Hariprasad.tests.SubmitOrderTest" name="OrderHistoryTest" time="0.74"/>
</testsuite> <!-- Submit Order Test -->
